<?xml version="1.0" encoding="UTF-8"?>
<testng-results ignored="0" total="2" passed="2" failed="0" skipped="0">
  <reporter-output>
  </reporter-output>
  <suite started-at="2026-03-09T20:36:53 IST" name="Default suite" finished-at="2026-03-09T20:37:28 IST" duration-ms="34404">
    <groups>
    </groups>
    <test started-at="2026-03-09T20:36:53 IST" name="Default test" finished-at="2026-03-09T20:37:28 IST" duration-ms="34404">
      <class name="tests.SearchproductTest">
        <test-method is-config="true" signature="setup()[pri:0, instance:tests.SearchproductTest@62379589]" started-at="2026-03-09T20:36:54 IST" name="setup" finished-at="2026-03-09T20:37:02 IST" duration-ms="8960" status="PASS">
          <reporter-output>
          </reporter-output>
        </test-method> <!-- setup -->
        <test-method is-config="true" signature="intialize()[pri:0, instance:tests.SearchproductTest@62379589]" started-at="2026-03-09T20:37:02 IST" name="intialize" finished-at="2026-03-09T20:37:03 IST" duration-ms="125" status="PASS">
          <reporter-output>
          </reporter-output>
        </test-method> <!-- intialize -->
        <test-method signature="validproudct()[pri:1, instance:tests.SearchproductTest@62379589]" started-at="2026-03-09T20:37:03 IST" name="validproudct" finished-at="2026-03-09T20:37:13 IST" duration-ms="10155" status="PASS">
          <reporter-output>
          </reporter-output>
        </test-method> <!-- validproudct -->
        <test-method is-config="true" signature="close()[pri:0, instance:tests.SearchproductTest@62379589]" started-at="2026-03-09T20:37:13 IST" name="close" finished-at="2026-03-09T20:37:13 IST" duration-ms="639" status="PASS">
          <reporter-output>
          </reporter-output>
        </test-method> <!-- close -->
        <test-method is-config="true" signature="setup()[pri:0, instance:tests.SearchproductTest@62379589]" started-at="2026-03-09T20:37:13 IST" name="setup" finished-at="2026-03-09T20:37:24 IST" duration-ms="10400" status="PASS">
          <reporter-output>
          </reporter-output>
        </test-method> <!-- setup -->
        <test-method is-config="true" signature="intialize()[pri:0, instance:tests.SearchproductTest@62379589]" started-at="2026-03-09T20:37:24 IST" name="intialize" finished-at="2026-03-09T20:37:24 IST" duration-ms="25" status="PASS">
          <reporter-output>
          </reporter-output>
        </test-method> <!-- intialize -->
        <test-method signature="InvalidProduct()[pri:2, instance:tests.SearchproductTest@62379589]" started-at="2026-03-09T20:37:24 IST" name="InvalidProduct" finished-at="2026-03-09T20:37:27 IST" duration-ms="3515" status="PASS">
          <reporter-output>
          </reporter-output>
        </test-method> <!-- InvalidProduct -->
        <test-method is-config="true" signature="close()[pri:0, instance:tests.SearchproductTest@62379589]" started-at="2026-03-09T20:37:27 IST" name="close" finished-at="2026-03-09T20:37:28 IST" duration-ms="464" status="PASS">
          <reporter-output>
          </reporter-output>
        </test-method> <!-- close -->
      </class> <!-- tests.SearchproductTest -->
    </test> <!-- Default test -->
  </suite> <!-- Default suite -->
</testng-results>
